c:\users\user\documents\visual studio 2015\projects\c project\c project\debug\vc140.pdb
c:\users\user\documents\visual studio 2015\projects\c project\c project\debug\vc140.idb
c:\users\user\documents\visual studio 2015\projects\c project\c project\debug\c project.obj
c:\users\user\documents\visual studio 2015\projects\c project\c project\debug\stdafx.obj
c:\users\user\documents\visual studio 2015\projects\c project\c project\debug\calculations.obj
c:\users\user\documents\visual studio 2015\projects\c project\c project\debug\time.obj
c:\users\user\documents\github\cp143-project\debug\vc140.pdb
c:\users\user\documents\github\cp143-project\debug\vc140.idb
c:\users\user\documents\github\cp143-project\debug\c project.obj
c:\users\user\documents\github\cp143-project\debug\calculations.obj
c:\users\user\documents\github\cp143-project\debug\stdafx.obj
c:\users\user\documents\github\cp143-project\debug\time.obj
c:\users\user\documents\visual studio 2015\projects\c project\debug\vc140.pdb
c:\users\user\documents\visual studio 2015\projects\c project\debug\vc140.idb
c:\users\user\documents\visual studio 2015\projects\c project\debug\c project.obj
c:\users\user\documents\visual studio 2015\projects\c project\debug\calculations.obj
c:\users\user\documents\visual studio 2015\projects\c project\debug\stdafx.obj
c:\users\user\documents\visual studio 2015\projects\c project\debug\time.obj
c:\users\user\documents\visual studio 2015\projects\c project\c-programming-proj\debug\vc140.pdb
c:\users\user\documents\visual studio 2015\projects\c project\c-programming-proj\debug\vc140.idb
c:\users\user\documents\visual studio 2015\projects\c project\c-programming-proj\debug\c project.obj
c:\users\user\documents\visual studio 2015\projects\c project\c-programming-proj\debug\calculations.obj
c:\users\user\documents\visual studio 2015\projects\c project\c-programming-proj\debug\stdafx.obj
c:\users\user\documents\visual studio 2015\projects\c project\c-programming-proj\debug\time.obj
c:\users\user\documents\github local\c-programming-proj\debug\vc140.pdb
c:\users\user\documents\github local\c-programming-proj\debug\vc140.idb
c:\users\user\documents\github local\c-programming-proj\debug\c project.obj
c:\users\user\documents\github local\c-programming-proj\debug\calculations.obj
c:\users\user\documents\github local\c-programming-proj\debug\stdafx.obj
c:\users\user\documents\github local\c-programming-proj\debug\time.obj
c:\users\user\documents\github\cp143-project\debug\c project.ilk
c:\users\user\documents\github\cp143-project\debug\c project.exe
c:\users\user\documents\github\cp143-project\debug\c project.pdb
c:\users\user\documents\visual studio 2015\projects\c project\debug\c project.ilk
c:\users\user\documents\visual studio 2015\projects\c project\debug\c project.exe
c:\users\user\documents\visual studio 2015\projects\c project\debug\c project.pdb
c:\users\user\documents\visual studio 2015\projects\c project\c-programming-proj\debug\c project.ilk
c:\users\user\documents\visual studio 2015\projects\c project\c-programming-proj\debug\c project.exe
c:\users\user\documents\visual studio 2015\projects\c project\c-programming-proj\debug\c project.pdb
c:\users\user\documents\github local\c-programming-proj\debug\c project.ilk
c:\users\user\documents\github local\c-programming-proj\debug\c project.exe
c:\users\user\documents\github local\c-programming-proj\debug\c project.pdb
c:\users\user\documents\github local\c-programming-proj\debug\c project.tlog\cl.command.1.tlog
c:\users\user\documents\github local\c-programming-proj\debug\c project.tlog\cl.read.1.tlog
c:\users\user\documents\github local\c-programming-proj\debug\c project.tlog\cl.write.1.tlog
c:\users\user\documents\github local\c-programming-proj\debug\c project.tlog\link.command.1.tlog
c:\users\user\documents\github local\c-programming-proj\debug\c project.tlog\link.read.1.tlog
c:\users\user\documents\github local\c-programming-proj\debug\c project.tlog\link.write.1.tlog
